[1] "K.ibs"
[1] "K ibs ibd"
[1] "Kgcta"
[1] "KpGC"
[1] "KppGC"
[1] 0.000588355
[1] 0.05459374
[1] 1
[1] 29082214
[1] 29082214
[1] 29082214
[1] 2
[1] 29082214
[1] 29082214
[1] 29082214
[1] 3
[1] 29082214
[1] 29082214
[1] 29082214
[1] 4
[1] 29082214
[1] 29082214
[1] 29082214
[1] 0.09515214
[1] 0.6466176
[1] 1
[1] 26640118
[1] 26640118
[1] 26640118
[1] 2
[1] 26640118
[1] 26640118
[1] 26640118
[1] 3
[1] 26640118
[1] 26640118
[1] 26640118
[1] 4
[1] 26640118
[1] 26640118
[1] 26640118
[1] 5.587948e-05
[1] 1.482459
[1] 1
[1] 29181604
[1] 29181604
[1] 29181604
[1] 2
[1] 29181604
[1] 29181604
[1] 29181604
[1] 3
[1] 29181604
[1] 29181604
[1] 29181604
[1] 4
[1] 29181604
[1] 29181604
[1] 29181604
[1] 6.474698e-05
[1] 1.442621
[1] 1
[1] 29181604
[1] 29181604
[1] 29181604
[1] 2
[1] 29181604
[1] 29181604
[1] 29181604
[1] 3
[1] 29181604
[1] 29181604
[1] 29181604
[1] 4
[1] 29181604
[1] 29181604
[1] 29181604
[1] 0.0008907068
[1] -5.353127e-07
[1] 1
[1] 15416232
[1] 15416232
[1] 15416232
[1] 2
[1] 15416232
[1] 15416232
[1] 15416232
[1] 3
[1] 15416232
[1] 15416232
[1] 15416232
[1] 4
[1] 15416232
[1] 15416232
[1] 15416232
[1] 0.0008908365
[1] -5.792112e-07
[1] 1
[1] 15420292
[1] 15420292
[1] 15420292
[1] 2
[1] 15420292
[1] 15420292
[1] 15420292
[1] 3
[1] 15420292
[1] 15420292
[1] 15420292
[1] 4
[1] 15420292
[1] 15420292
[1] 15420292
