Date time :  Wed Oct 22 18:29:20 2014 

[[1]]
[[1]]$method.to.test
[1] "GCTA"

[[1]]$model.to.test
[1] "_PlotSimilarity"

[[1]]$phenotypes.id
  [1]   4   5   6   7   8   9  10  11  12  13  14  15  16  17  18  19  20  21
 [19]  22  23  24  25  26  27  28  29  30  31  32  33  34  35  36  37  38  39
 [37]  40  41  42  43  44  45  46  47  48  49  50  51  52  53  54  55  56  57
 [55]  58  59  60  61  62  63  64  65  66  67  68  69  70  71  72  73  74  75
 [73]  76  77  78  79  80  81  82  83  84  85  86  87  88  89  90  91  92  93
 [91]  94  95  96  97  98  99 100 101 102 103 104 105 106 107 108 109 110 111
[109] 112 113 114 115 116 117 118 119 120 121 122 123 124 125 126 127 128 129
[127] 130 131 132 133 134 135 136 137 138 139 140 141 142 143 144 145 146 147
[145] 148 149 150 151 152 153 154 155 156 157 158 159 160 161 162 163 164 165
[163] 166 167 168 169 170


========================================================
== Running parameters  1 / 1 
========================================================
== starting with method  GCTA 

   Processing  4   -> processed !
   Processing  5   -> processed !
   Processing  6   -> processed !
   Processing  7   -> processed !
   Processing  8   -> processed !
   Processing  9   -> processed !
   Processing  10   -> processed !
   Processing  11   -> processed !
   Processing  12   -> processed !
   Processing  13   -> processed !
   Processing  14   -> processed !
   Processing  15   -> processed !
   Processing  16   -> processed !
   Processing  17   -> processed !
   Processing  18   -> processed !
   Processing  19   -> processed !
   Processing  20   -> processed !
   Processing  21   -> processed !
   Processing  22   -> processed !
   Processing  23   -> processed !
   Processing  24   -> processed !
   Processing  25   -> processed !
   Processing  26   -> processed !
   Processing  27   -> processed !
   Processing  28   -> processed !
   Processing  29   -> processed !
   Processing  30   -> processed !
   Processing  31   -> processed !
   Processing  32   -> processed !
   Processing  33   -> processed !
   Processing  34   -> processed !
   Processing  35   -> processed !
   Processing  36   -> processed !
   Processing  37   -> processed !
   Processing  38   -> processed !
   Processing  39   -> processed !
   Processing  40   -> processed !
   Processing  41   -> processed !
   Processing  42   -> processed !
   Processing  43   -> processed !
   Processing  44   -> processed !
   Processing  45   -> processed !
   Processing  46   -> processed !
   Processing  47   -> processed !
   Processing  48   -> processed !
   Processing  49   -> processed !
   Processing  50   -> processed !
   Processing  51   -> processed !
   Processing  52   -> processed !
   Processing  53   -> processed !
   Processing  54   -> processed !
   Processing  55   -> processed !
   Processing  56   -> processed !
   Processing  57   -> processed !
   Processing  58   -> processed !
   Processing  59   -> processed !
   Processing  60   -> processed !
   Processing  61   -> processed !
   Processing  62   -> processed !
   Processing  63   -> processed !
   Processing  64   -> processed !
   Processing  65   -> processed !
   Processing  66   -> processed !
   Processing  67   -> processed !
   Processing  68   -> processed !
   Processing  69   -> processed !
   Processing  70   -> processed !
   Processing  71   -> processed !
   Processing  72   -> processed !
   Processing  73   -> processed !
   Processing  74   -> processed !
   Processing  75   -> processed !
   Processing  76   -> processed !
   Processing  77   -> processed !
   Processing  78   -> processed !
   Processing  79   -> processed !
   Processing  80   -> processed !
   Processing  81   -> processed !
   Processing  82   -> processed !
   Processing  83   -> processed !
   Processing  84   -> processed !
   Processing  85   -> processed !
   Processing  86   -> processed !
   Processing  87   -> processed !
   Processing  88   -> processed !
   Processing  89   -> processed !
   Processing  90   -> processed !
   Processing  91   -> processed !
   Processing  92   -> processed !
   Processing  93   -> processed !
   Processing  94   -> processed !
   Processing  95   -> processed !
   Processing  96   -> processed !
   Processing  97   -> processed !
   Processing  98   -> processed !
   Processing  99   -> processed !
   Processing  100   -> processed !
   Processing  101   -> processed !
   Processing  102   -> processed !
   Processing  103   -> processed !
   Processing  104   -> processed !
   Processing  105   -> processed !
   Processing  106   -> processed !
   Processing  107   -> processed !
   Processing  108   -> processed !
   Processing  109   -> processed !
   Processing  110   -> processed !
   Processing  111   -> processed !
   Processing  112   -> processed !
   Processing  113   -> processed !
   Processing  114   -> processed !
   Processing  115   -> processed !
   Processing  116   -> processed !
   Processing  117   -> processed !
   Processing  118   -> processed !
   Processing  119   -> processed !
   Processing  120   -> processed !
   Processing  121   -> processed !
   Processing  122   -> processed !
   Processing  123   -> processed !
   Processing  124   -> processed !
   Processing  125   -> processed !
   Processing  126   -> processed !
   Processing  127   -> processed !
   Processing  128   -> processed !
   Processing  129   -> processed !
   Processing  130   -> processed !
   Processing  131   -> processed !
   Processing  132   -> processed !
   Processing  133   -> processed !
   Processing  134   -> processed !
   Processing  135   -> processed !
   Processing  136   -> processed !
   Processing  137   -> processed !
   Processing  138   -> processed !
   Processing  139   -> processed !
   Processing  140   -> processed !
   Processing  141   -> processed !
   Processing  142   -> processed !
   Processing  143   -> processed !
   Processing  144   -> processed !
   Processing  145   -> processed !
   Processing  146   -> processed !
   Processing  147   -> processed !
   Processing  148   -> processed !
   Processing  149   -> processed !
   Processing  150   -> processed !
   Processing  151   -> processed !
   Processing  152   -> processed !
   Processing  153   -> processed !
   Processing  154   -> processed !
   Processing  155   -> processed !
   Processing  156   -> processed !
   Processing  157   -> processed !
   Processing  158   -> processed !
   Processing  159   -> processed !
   Processing  160   -> processed !
   Processing  161   -> processed !
   Processing  162   -> processed !
   Processing  163   -> processed !
   Processing  164   -> processed !
   Processing  165   -> processed !
   Processing  166   -> processed !
   Processing  167   -> processed !
   Processing  168   -> processed !
   Processing  169   -> processed !
   Processing  170   -> processed !

== ending with method  GCTA 
== Saving results for method  1 / 1   > saved ! 
========================================================
== End of Running with parameters  1 / 1 
========================================================

Total time :  167.048 1.321 170.04 0 0 
Date time :  Wed Oct 22 18:32:10 2014 
