[1] "j="
[1] 1
numeric(0)
[1] 0.000588355
[1] 1.945406
[1] "i="
[1] 1
[1] 0.000588355
[1] "hedcove="
[1] -0.001236175
[1] "i="
[1] 2
[1] 0.000588355
[1] "hedcove="
[1] -0.0314278
[1] "i="
[1] 3
[1] 0.000588355
[1] "hedcove="
[1] 0.02704004
[1] "i="
[1] 4
[1] 0.000588355
[1] "hedcove="
[1] -0.01773644
[1] "j="
[1] 2
numeric(0)
[1] 0.09515214
[1] 1.353382
[1] "i="
[1] 1
[1] 0.09515214
[1] "hedcove="
[1] 0.001012794
[1] "i="
[1] 2
[1] 0.09515214
[1] "hedcove="
[1] 0.000544894
[1] "i="
[1] 3
[1] 0.09515214
[1] "hedcove="
[1] -0.001807113
[1] "i="
[1] 4
[1] 0.09515214
[1] "hedcove="
[1] 0.001419304
[1] "j="
[1] 3
numeric(0)
[1] 5.587948e-05
[1] 1.482459
[1] "i="
[1] 1
[1] 5.587948e-05
[1] "hedcove="
[1] 1.816305
[1] "i="
[1] 2
[1] 5.587948e-05
[1] "hedcove="
[1] 1.833598
[1] "i="
[1] 3
[1] 5.587948e-05
[1] "hedcove="
[1] 1.736171
[1] "i="
[1] 4
[1] 5.587948e-05
[1] "hedcove="
[1] 1.806809
[1] "j="
[1] 4
numeric(0)
[1] 6.474698e-05
[1] 1.442621
[1] "i="
[1] 1
[1] 6.474698e-05
[1] "hedcove="
[1] 1.651236
[1] "i="
[1] 2
[1] 6.474698e-05
[1] "hedcove="
[1] 1.687931
[1] "i="
[1] 3
[1] 6.474698e-05
[1] "hedcove="
[1] 1.601195
[1] "i="
[1] 4
[1] 6.474698e-05
[1] "hedcove="
[1] 1.673256
 [1]  TRUE  TRUE  TRUE  TRUE  TRUE  TRUE  TRUE FALSE  TRUE  TRUE  TRUE  TRUE
[13]  TRUE  TRUE  TRUE  TRUE
