PLINK v1.90b1b 64-bit (20 May 2014)
8 arguments: --bfile /home/duvanel/BP/Data/GenoData1M/MendelAnalysis3 --out /home/duvanel/git/PackageCH/data/SNPs_13102014_160833 --recode A --snps rs912002,rs2013364,rs4676866,kgp8228197,kgp22819270
Hostname: sh-5-12.local
Working directory: /home/duvanel/git/PackageCH/PackageCH/R
Start time: Mon Oct 13 16:09:05 2014

Random number seed: 1413241745
64380 MB RAM detected; reserving 32190 MB for main workspace.
Allocated 3222 MB successfully, after larger attempt(s) failed.
6 variants loaded from .bim file.
838 people (371 males, 467 females) loaded from .fam.
206 phenotype values loaded from .fam.
Using 1 thread (no multithreaded calculations invoked).
Calculating allele frequencies... done.
Total genotyping rate is 0.997613.
6 variants and 838 people pass filters and QC.
Among remaining phenotypes, 206 are cases and 0 are controls.  (632 phenotypes
are missing.)
--recode A to /home/duvanel/git/PackageCH/data/SNPs_13102014_160833.raw ...
done.

End time: Mon Oct 13 16:09:05 2014
