PLINK v1.90b1b 64-bit (20 May 2014)
8 arguments: --bfile /home/duvanel/BP/Data/GenoData1M/MendelAnalysis3 --out /home/duvanel/git/PackageCH/data/SNPs_24102014_154055 --recode A --snps kgp1930623,kgp201910,kgp8491464,kgp2637751,kgp7601442,kgp8269404,kgp8141730,rs3742261,rs9595937,rs217452,kgp10181615,rs12624277,kgp9469841,kgp8482070,kgp6127796,rs4619033,rs8036999,rs2314677,kgp10351443,kgp8191973
Hostname: sh-2-13.local
Working directory: /home/duvanel/git/PackageCH
Start time: Fri Oct 24 15:41:17 2014

Random number seed: 1414190477
64380 MB RAM detected; reserving 32190 MB for main workspace.
Allocated 3222 MB successfully, after larger attempt(s) failed.
20 variants loaded from .bim file.
838 people (371 males, 467 females) loaded from .fam.
206 phenotype values loaded from .fam.
Using 1 thread (no multithreaded calculations invoked).
Calculating allele frequencies... done.
Total genotyping rate is 0.995167.
20 variants and 838 people pass filters and QC.
Among remaining phenotypes, 206 are cases and 0 are controls.  (632 phenotypes
are missing.)
--recode A to /home/duvanel/git/PackageCH/data/SNPs_24102014_154055.raw ...
done.

End time: Fri Oct 24 15:41:18 2014
