[1] "K.ibs"
[1] "K ibs ibd"
[1] "Kgcta"
[1] "KpGC"
[1] "KppGC"
[1] 0.00128826
[1] 1
[1] 29176202
[1] 2
[1] 29176202
[1] 3
[1] 29176202
[1] 4
[1] 29176202
[1] 0.09541367
[1] 1
[1] 29176202
[1] 2
[1] 29176202
[1] 3
[1] 29176202
[1] 4
[1] 29176202
[1] 0.0004129869
[1] 1
[1] 29176202
[1] 2
[1] 29176202
[1] 3
[1] 29176202
[1] 4
[1] 29176202
[1] 0.0003923563
[1] 1
[1] 29176202
[1] 2
[1] 29176202
[1] 3
[1] 29176202
[1] 4
[1] 29176202
[1] 0.0001457818
[1] 1
[1] 29176202
[1] 2
[1] 29176202
[1] 3
[1] 29176202
[1] 4
[1] 29176202
[1] 0.0008908365
[1] 1
